#
# There is insufficient memory for the Java Runtime Environment to continue.
# Native memory allocation (mmap) failed to map 65536 bytes for Failed to commit metaspace.
# Possible reasons:
#   The system is out of physical RAM or swap space
#   The process is running with CompressedOops enabled, and the Java Heap may be blocking the growth of the native heap
# Possible solutions:
#   Reduce memory load on the system
#   Increase physical memory or swap space
#   Check if swap backing store is full
#   Decrease Java heap size (-Xmx/-Xms)
#   Decrease number of Java threads
#   Decrease Java thread stack sizes (-Xss)
#   Set larger code cache with -XX:ReservedCodeCacheSize=
#   JVM is running with Zero Based Compressed Oops mode in which the Java heap is
#     placed in the first 32GB address space. The Java Heap base address is the
#     maximum limit for the native heap growth. Please use -XX:HeapBaseMinAddress
#     to set the Java Heap base and to place the Java Heap above 32GB virtual address.
# This output file may be truncated or incomplete.
#
#  Out of Memory Error (virtualSpaceNode.cpp:110), pid=17688, tid=9828
#
# JRE version: Java(TM) SE Runtime Environment (19.0.2+7) (build 19.0.2+7-44)
# Java VM: Java HotSpot(TM) 64-Bit Server VM (19.0.2+7-44, mixed mode, sharing, tiered, compressed oops, compressed class ptrs, g1 gc, windows-amd64)
# No core dump will be written. Minidumps are not enabled by default on client versions of Windows
#

---------------  S U M M A R Y ------------

Command Line: -javaagent:C:\Program Files\JetBrains\IntelliJ IDEA 2022.3.1\lib\idea_rt.jar=60869:C:\Program Files\JetBrains\IntelliJ IDEA 2022.3.1\bin -Dfile.encoding=UTF-8 -Dsun.stdout.encoding=UTF-8 -Dsun.stderr.encoding=UTF-8 ir.maktab.Main

Host: Intel(R) Core(TM) i7-7700HQ CPU @ 2.80GHz, 8 cores, 15G,  Windows 10 , 64 bit Build 19041 (10.0.19041.3155)
Time: Thu Aug  3 17:36:14 2023 Iran Standard Time elapsed time: 0.608827 seconds (0d 0h 0m 0s)

---------------  T H R E A D  ---------------

Current thread (0x0000020ad8943ec0):  JavaThread "main" [_thread_in_vm, id=9828, stack(0x0000006fd3300000,0x0000006fd3400000)]

Stack: [0x0000006fd3300000,0x0000006fd3400000]
Native frames: (J=compiled Java code, j=interpreted, Vv=VM code, C=native code)
V  [jvm.dll+0x6ee21a]
V  [jvm.dll+0x85765e]
V  [jvm.dll+0x85904e]
V  [jvm.dll+0x859703]
V  [jvm.dll+0x28298f]
V  [jvm.dll+0x8532db]
V  [jvm.dll+0x692cb6]
V  [jvm.dll+0x692d1a]
V  [jvm.dll+0x695613]
V  [jvm.dll+0x6954de]
V  [jvm.dll+0x6936de]
V  [jvm.dll+0x69dd07]
V  [jvm.dll+0x21e072]
V  [jvm.dll+0x21e5a5]
V  [jvm.dll+0x21ef01]
V  [jvm.dll+0x2146a1]
V  [jvm.dll+0x5a9cb6]
V  [jvm.dll+0x2257aa]
V  [jvm.dll+0x7cc802]
V  [jvm.dll+0x7cdc4a]
V  [jvm.dll+0x7cdf78]
V  [jvm.dll+0x271e1b]
V  [jvm.dll+0x3dd21f]
C  0x0000020ae95dd90c

Java frames: (J=compiled Java code, j=interpreted, Vv=VM code)
j  com.sun.org.apache.xerces.internal.impl.xs.traversers.XSDHandler.parseSchema(Lcom/sun/org/apache/xerces/internal/xni/parser/XMLInputSource;Lcom/sun/org/apache/xerces/internal/impl/xs/XSDDescription;Ljava/util/Map;)Lcom/sun/org/apache/xerces/internal/impl/xs/SchemaGrammar;+268 java.xml@19.0.2
j  com.sun.org.apache.xerces.internal.impl.xs.XMLSchemaLoader.loadSchema(Lcom/sun/org/apache/xerces/internal/impl/xs/XSDDescription;Lcom/sun/org/apache/xerces/internal/xni/parser/XMLInputSource;Ljava/util/Map;)Lcom/sun/org/apache/xerces/internal/impl/xs/SchemaGrammar;+93 java.xml@19.0.2
j  com.sun.org.apache.xerces.internal.impl.xs.XMLSchemaLoader.loadGrammar(Lcom/sun/org/apache/xerces/internal/xni/parser/XMLInputSource;)Lcom/sun/org/apache/xerces/internal/xni/grammars/Grammar;+70 java.xml@19.0.2
j  com.sun.org.apache.xerces.internal.impl.xs.XMLSchemaLoader.loadGrammar([Lcom/sun/org/apache/xerces/internal/xni/parser/XMLInputSource;)V+14 java.xml@19.0.2
j  com.sun.org.apache.xerces.internal.jaxp.validation.XMLSchemaFactory.newSchema([Ljavax/xml/transform/Source;)Ljavax/xml/validation/Schema;+373 java.xml@19.0.2
j  javax.xml.validation.SchemaFactory.newSchema(Ljavax/xml/transform/Source;)Ljavax/xml/validation/Schema;+9 java.xml@19.0.2
j  org.hibernate.boot.cfgxml.internal.JaxbCfgProcessor.resolveLocalSchema(Ljava/lang/String;Ljava/lang/String;)Ljavax/xml/validation/Schema;+59
j  org.hibernate.boot.cfgxml.internal.JaxbCfgProcessor.resolveLocalSchema(Ljava/lang/String;)Ljavax/xml/validation/Schema;+4
j  org.hibernate.boot.cfgxml.internal.JaxbCfgProcessor.schema()Ljavax/xml/validation/Schema;+11
j  org.hibernate.boot.cfgxml.internal.JaxbCfgProcessor.unmarshal(Ljavax/xml/stream/XMLEventReader;Lorg/hibernate/boot/jaxb/Origin;)Lorg/hibernate/boot/jaxb/cfg/spi/JaxbCfgHibernateConfiguration;+133
j  org.hibernate.boot.cfgxml.internal.JaxbCfgProcessor.unmarshal(Ljava/io/InputStream;Lorg/hibernate/boot/jaxb/Origin;)Lorg/hibernate/boot/jaxb/cfg/spi/JaxbCfgHibernateConfiguration;+12
j  org.hibernate.boot.cfgxml.internal.ConfigLoader.loadConfigXmlResource(Ljava/lang/String;)Lorg/hibernate/boot/cfgxml/spi/LoadedConfig;+61
j  org.hibernate.boot.registry.StandardServiceRegistryBuilder.configure(Ljava/lang/String;)Lorg/hibernate/boot/registry/StandardServiceRegistryBuilder;+6
j  ir.maktab.base.repository.util.HibernateUtil.<clinit>()V+9
v  ~StubRoutines::call_stub 0x0000020ae95b100e
j  ir.maktab.veiw.Menu.<init>()V+19
j  ir.maktab.Main.main([Ljava/lang/String;)V+4
v  ~StubRoutines::call_stub 0x0000020ae95b100e

---------------  P R O C E S S  ---------------

Threads class SMR info:
_java_thread_list=0x0000020afdea9210, length=14, elements={
0x0000020ad8943ec0, 0x0000020afdccbf40, 0x0000020afdcccb30, 0x0000020afdcd1cc0,
0x0000020afdcd3600, 0x0000020afdcd46d0, 0x0000020afdcd77b0, 0x0000020afdcdc0b0,
0x0000020afdcdede0, 0x0000020afdce9b00, 0x0000020afdee1b90, 0x0000020afdee0ba0,
0x0000020afdee1640, 0x0000020afe32e010
}

Java Threads: ( => current thread )
=>0x0000020ad8943ec0 JavaThread "main" [_thread_in_vm, id=9828, stack(0x0000006fd3300000,0x0000006fd3400000)]
  0x0000020afdccbf40 JavaThread "Reference Handler" daemon [_thread_blocked, id=13348, stack(0x0000006fd3a00000,0x0000006fd3b00000)]
  0x0000020afdcccb30 JavaThread "Finalizer" daemon [_thread_blocked, id=2544, stack(0x0000006fd3b00000,0x0000006fd3c00000)]
  0x0000020afdcd1cc0 JavaThread "Signal Dispatcher" daemon [_thread_blocked, id=8372, stack(0x0000006fd3c00000,0x0000006fd3d00000)]
  0x0000020afdcd3600 JavaThread "Attach Listener" daemon [_thread_blocked, id=9020, stack(0x0000006fd3d00000,0x0000006fd3e00000)]
  0x0000020afdcd46d0 JavaThread "Service Thread" daemon [_thread_blocked, id=19452, stack(0x0000006fd3e00000,0x0000006fd3f00000)]
  0x0000020afdcd77b0 JavaThread "Monitor Deflation Thread" daemon [_thread_blocked, id=20524, stack(0x0000006fd3f00000,0x0000006fd4000000)]
  0x0000020afdcdc0b0 JavaThread "C2 CompilerThread0" daemon [_thread_blocked, id=18452, stack(0x0000006fd4000000,0x0000006fd4100000)]
  0x0000020afdcdede0 JavaThread "C1 CompilerThread0" daemon [_thread_blocked, id=8360, stack(0x0000006fd4100000,0x0000006fd4200000)]
  0x0000020afdce9b00 JavaThread "Sweeper thread" daemon [_thread_blocked, id=5904, stack(0x0000006fd4200000,0x0000006fd4300000)]
  0x0000020afdee1b90 JavaThread "Common-Cleaner" daemon [_thread_blocked, id=252, stack(0x0000006fd4300000,0x0000006fd4400000)]
  0x0000020afdee0ba0 JavaThread "Monitor Ctrl-Break" daemon [_thread_in_native, id=19288, stack(0x0000006fd4400000,0x0000006fd4500000)]
  0x0000020afdee1640 JavaThread "Notification Thread" daemon [_thread_blocked, id=14948, stack(0x0000006fd4500000,0x0000006fd4600000)]
  0x0000020afe32e010 JavaThread "C2 CompilerThread1" daemon [_thread_blocked, id=13000, stack(0x0000006fd4700000,0x0000006fd4800000)]

Other Threads:
  0x0000020afdcafad0 VMThread "VM Thread" [stack: 0x0000006fd3900000,0x0000006fd3a00000] [id=21004]
  0x0000020afe0c3700 WatcherThread "VM Periodic Task Thread" [stack: 0x0000006fd4600000,0x0000006fd4700000] [id=19544]
  0x0000020ad89b2e20 WorkerThread "GC Thread#0" [stack: 0x0000006fd3400000,0x0000006fd3500000] [id=19860]
  0x0000020ad89c5c90 ConcurrentGCThread "G1 Main Marker" [stack: 0x0000006fd3500000,0x0000006fd3600000] [id=14720]
  0x0000020ad89c6d70 WorkerThread "G1 Conc#0" [stack: 0x0000006fd3600000,0x0000006fd3700000] [id=12124]
  0x0000020ad8a0e7f0 ConcurrentGCThread "G1 Refine#0" [stack: 0x0000006fd3700000,0x0000006fd3800000] [id=3552]
  0x0000020afdb6c510 ConcurrentGCThread "G1 Service" [stack: 0x0000006fd3800000,0x0000006fd3900000] [id=10772]

Threads with active compile tasks:

VM state: not at safepoint (normal execution)

VM Mutex/Monitor currently owned by a thread:  ([mutex/lock_event])
[0x0000020ad893b5e0] Metaspace_lock - owner thread: 0x0000020ad8943ec0

Heap address: 0x0000000701c00000, size: 4068 MB, Compressed Oops mode: Zero based, Oop shift amount: 3

CDS archive(s) mapped at: [0x0000000800000000-0x0000000800c40000-0x0000000800c40000), size 12845056, SharedBaseAddress: 0x0000000800000000, ArchiveRelocationMode: 0.
Compressed class space mapped at: 0x0000000801000000-0x0000000841000000, reserved size: 1073741824
Narrow klass base: 0x0000000800000000, Narrow klass shift: 0, Narrow klass range: 0x100000000

GC Precious Log:
 CardTable entry size: 512
 Card Set container configuration: InlinePtr #cards 4 size 8 Array Of Cards #cards 16 size 48 Howl #buckets 8 coarsen threshold 3686 Howl Bitmap #cards 512 size 80 coarsen threshold 460 Card regions per heap region 1 cards per card region 4096
 CPUs: 8 total, 8 available
 Memory: 16265M
 Large Page Support: Disabled
 NUMA Support: Disabled
 Compressed Oops: Enabled (Zero based)
 Heap Region Size: 2M
 Heap Min Capacity: 8M
 Heap Initial Capacity: 256M
 Heap Max Capacity: 4068M
 Pre-touch: Disabled
 Parallel Workers: 8
 Concurrent Workers: 2
 Concurrent Refinement Workers: 8
 Periodic GC: Disabled

Heap:
 garbage-first heap   total 262144K, used 18432K [0x0000000701c00000, 0x0000000800000000)
  region size 2048K, 10 young (20480K), 0 survivors (0K)
 Metaspace       used 7661K, committed 7872K, reserved 1114112K
  class space    used 845K, committed 960K, reserved 1048576K

Heap Regions: E=young(eden), S=young(survivor), O=old, HS=humongous(starts), HC=humongous(continues), CS=collection set, F=free, OA=open archive, CA=closed archive, TAMS=top-at-mark-start (previous, next)
|   0|0x0000000701c00000, 0x0000000701c00000, 0x0000000701e00000|  0%| F|  |TAMS 0x0000000701c00000, 0x0000000701c00000| Untracked 
|   1|0x0000000701e00000, 0x0000000701e00000, 0x0000000702000000|  0%| F|  |TAMS 0x0000000701e00000, 0x0000000701e00000| Untracked 
|   2|0x0000000702000000, 0x0000000702000000, 0x0000000702200000|  0%| F|  |TAMS 0x0000000702000000, 0x0000000702000000| Untracked 
|   3|0x0000000702200000, 0x0000000702200000, 0x0000000702400000|  0%| F|  |TAMS 0x0000000702200000, 0x0000000702200000| Untracked 
|   4|0x0000000702400000, 0x0000000702400000, 0x0000000702600000|  0%| F|  |TAMS 0x0000000702400000, 0x0000000702400000| Untracked 
|   5|0x0000000702600000, 0x0000000702600000, 0x0000000702800000|  0%| F|  |TAMS 0x0000000702600000, 0x0000000702600000| Untracked 
|   6|0x0000000702800000, 0x0000000702800000, 0x0000000702a00000|  0%| F|  |TAMS 0x0000000702800000, 0x0000000702800000| Untracked 
|   7|0x0000000702a00000, 0x0000000702a00000, 0x0000000702c00000|  0%| F|  |TAMS 0x0000000702a00000, 0x0000000702a00000| Untracked 
|   8|0x0000000702c00000, 0x0000000702c00000, 0x0000000702e00000|  0%| F|  |TAMS 0x0000000702c00000, 0x0000000702c00000| Untracked 
|   9|0x0000000702e00000, 0x0000000702e00000, 0x0000000703000000|  0%| F|  |TAMS 0x0000000702e00000, 0x0000000702e00000| Untracked 
|  10|0x0000000703000000, 0x0000000703000000, 0x0000000703200000|  0%| F|  |TAMS 0x0000000703000000, 0x0000000703000000| Untracked 
|  11|0x0000000703200000, 0x0000000703200000, 0x0000000703400000|  0%| F|  |TAMS 0x0000000703200000, 0x0000000703200000| Untracked 
|  12|0x0000000703400000, 0x0000000703400000, 0x0000000703600000|  0%| F|  |TAMS 0x0000000703400000, 0x0000000703400000| Untracked 
|  13|0x0000000703600000, 0x0000000703600000, 0x0000000703800000|  0%| F|  |TAMS 0x0000000703600000, 0x0000000703600000| Untracked 
|  14|0x0000000703800000, 0x0000000703800000, 0x0000000703a00000|  0%| F|  |TAMS 0x0000000703800000, 0x0000000703800000| Untracked 
|  15|0x0000000703a00000, 0x0000000703a00000, 0x0000000703c00000|  0%| F|  |TAMS 0x0000000703a00000, 0x0000000703a00000| Untracked 
|  16|0x0000000703c00000, 0x0000000703c00000, 0x0000000703e00000|  0%| F|  |TAMS 0x0000000703c00000, 0x0000000703c00000| Untracked 
|  17|0x0000000703e00000, 0x0000000703e00000, 0x0000000704000000|  0%| F|  |TAMS 0x0000000703e00000, 0x0000000703e00000| Untracked 
|  18|0x0000000704000000, 0x0000000704000000, 0x0000000704200000|  0%| F|  |TAMS 0x0000000704000000, 0x0000000704000000| Untracked 
|  19|0x0000000704200000, 0x0000000704200000, 0x0000000704400000|  0%| F|  |TAMS 0x0000000704200000, 0x0000000704200000| Untracked 
|  20|0x0000000704400000, 0x0000000704400000, 0x0000000704600000|  0%| F|  |TAMS 0x0000000704400000, 0x0000000704400000| Untracked 
|  21|0x0000000704600000, 0x0000000704600000, 0x0000000704800000|  0%| F|  |TAMS 0x0000000704600000, 0x0000000704600000| Untracked 
|  22|0x0000000704800000, 0x0000000704800000, 0x0000000704a00000|  0%| F|  |TAMS 0x0000000704800000, 0x0000000704800000| Untracked 
|  23|0x0000000704a00000, 0x0000000704a00000, 0x0000000704c00000|  0%| F|  |TAMS 0x0000000704a00000, 0x0000000704a00000| Untracked 
|  24|0x0000000704c00000, 0x0000000704c00000, 0x0000000704e00000|  0%| F|  |TAMS 0x0000000704c00000, 0x0000000704c00000| Untracked 
|  25|0x0000000704e00000, 0x0000000704e00000, 0x0000000705000000|  0%| F|  |TAMS 0x0000000704e00000, 0x0000000704e00000| Untracked 
|  26|0x0000000705000000, 0x0000000705000000, 0x0000000705200000|  0%| F|  |TAMS 0x0000000705000000, 0x0000000705000000| Untracked 
|  27|0x0000000705200000, 0x0000000705200000, 0x0000000705400000|  0%| F|  |TAMS 0x0000000705200000, 0x0000000705200000| Untracked 
|  28|0x0000000705400000, 0x0000000705400000, 0x0000000705600000|  0%| F|  |TAMS 0x0000000705400000, 0x0000000705400000| Untracked 
|  29|0x0000000705600000, 0x0000000705600000, 0x0000000705800000|  0%| F|  |TAMS 0x0000000705600000, 0x0000000705600000| Untracked 
|  30|0x0000000705800000, 0x0000000705800000, 0x0000000705a00000|  0%| F|  |TAMS 0x0000000705800000, 0x0000000705800000| Untracked 
|  31|0x0000000705a00000, 0x0000000705a00000, 0x0000000705c00000|  0%| F|  |TAMS 0x0000000705a00000, 0x0000000705a00000| Untracked 
|  32|0x0000000705c00000, 0x0000000705c00000, 0x0000000705e00000|  0%| F|  |TAMS 0x0000000705c00000, 0x0000000705c00000| Untracked 
|  33|0x0000000705e00000, 0x0000000705e00000, 0x0000000706000000|  0%| F|  |TAMS 0x0000000705e00000, 0x0000000705e00000| Untracked 
|  34|0x0000000706000000, 0x0000000706000000, 0x0000000706200000|  0%| F|  |TAMS 0x0000000706000000, 0x0000000706000000| Untracked 
|  35|0x0000000706200000, 0x0000000706200000, 0x0000000706400000|  0%| F|  |TAMS 0x0000000706200000, 0x0000000706200000| Untracked 
|  36|0x0000000706400000, 0x0000000706400000, 0x0000000706600000|  0%| F|  |TAMS 0x0000000706400000, 0x0000000706400000| Untracked 
|  37|0x0000000706600000, 0x0000000706600000, 0x0000000706800000|  0%| F|  |TAMS 0x0000000706600000, 0x0000000706600000| Untracked 
|  38|0x0000000706800000, 0x0000000706800000, 0x0000000706a00000|  0%| F|  |TAMS 0x0000000706800000, 0x0000000706800000| Untracked 
|  39|0x0000000706a00000, 0x0000000706a00000, 0x0000000706c00000|  0%| F|  |TAMS 0x0000000706a00000, 0x0000000706a00000| Untracked 
|  40|0x0000000706c00000, 0x0000000706c00000, 0x0000000706e00000|  0%| F|  |TAMS 0x0000000706c00000, 0x0000000706c00000| Untracked 
|  41|0x0000000706e00000, 0x0000000706e00000, 0x0000000707000000|  0%| F|  |TAMS 0x0000000706e00000, 0x0000000706e00000| Untracked 
|  42|0x0000000707000000, 0x0000000707000000, 0x0000000707200000|  0%| F|  |TAMS 0x0000000707000000, 0x0000000707000000| Untracked 
|  43|0x0000000707200000, 0x0000000707200000, 0x0000000707400000|  0%| F|  |TAMS 0x0000000707200000, 0x0000000707200000| Untracked 
|  44|0x0000000707400000, 0x0000000707400000, 0x0000000707600000|  0%| F|  |TAMS 0x0000000707400000, 0x0000000707400000| Untracked 
|  45|0x0000000707600000, 0x0000000707600000, 0x0000000707800000|  0%| F|  |TAMS 0x0000000707600000, 0x0000000707600000| Untracked 
|  46|0x0000000707800000, 0x0000000707800000, 0x0000000707a00000|  0%| F|  |TAMS 0x0000000707800000, 0x0000000707800000| Untracked 
|  47|0x0000000707a00000, 0x0000000707a00000, 0x0000000707c00000|  0%| F|  |TAMS 0x0000000707a00000, 0x0000000707a00000| Untracked 
|  48|0x0000000707c00000, 0x0000000707c00000, 0x0000000707e00000|  0%| F|  |TAMS 0x0000000707c00000, 0x0000000707c00000| Untracked 
|  49|0x0000000707e00000, 0x0000000707e00000, 0x0000000708000000|  0%| F|  |TAMS 0x0000000707e00000, 0x0000000707e00000| Untracked 
|  50|0x0000000708000000, 0x0000000708000000, 0x0000000708200000|  0%| F|  |TAMS 0x0000000708000000, 0x0000000708000000| Untracked 
|  51|0x0000000708200000, 0x0000000708200000, 0x0000000708400000|  0%| F|  |TAMS 0x0000000708200000, 0x0000000708200000| Untracked 
|  52|0x0000000708400000, 0x0000000708400000, 0x0000000708600000|  0%| F|  |TAMS 0x0000000708400000, 0x0000000708400000| Untracked 
|  53|0x0000000708600000, 0x0000000708600000, 0x0000000708800000|  0%| F|  |TAMS 0x0000000708600000, 0x0000000708600000| Untracked 
|  54|0x0000000708800000, 0x0000000708800000, 0x0000000708a00000|  0%| F|  |TAMS 0x0000000708800000, 0x0000000708800000| Untracked 
|  55|0x0000000708a00000, 0x0000000708a00000, 0x0000000708c00000|  0%| F|  |TAMS 0x0000000708a00000, 0x0000000708a00000| Untracked 
|  56|0x0000000708c00000, 0x0000000708c00000, 0x0000000708e00000|  0%| F|  |TAMS 0x0000000708c00000, 0x0000000708c00000| Untracked 
|  57|0x0000000708e00000, 0x0000000708e00000, 0x0000000709000000|  0%| F|  |TAMS 0x0000000708e00000, 0x0000000708e00000| Untracked 
|  58|0x0000000709000000, 0x0000000709000000, 0x0000000709200000|  0%| F|  |TAMS 0x0000000709000000, 0x0000000709000000| Untracked 
|  59|0x0000000709200000, 0x0000000709200000, 0x0000000709400000|  0%| F|  |TAMS 0x0000000709200000, 0x0000000709200000| Untracked 
|  60|0x0000000709400000, 0x0000000709400000, 0x0000000709600000|  0%| F|  |TAMS 0x0000000709400000, 0x0000000709400000| Untracked 
|  61|0x0000000709600000, 0x0000000709600000, 0x0000000709800000|  0%| F|  |TAMS 0x0000000709600000, 0x0000000709600000| Untracked 
|  62|0x0000000709800000, 0x0000000709800000, 0x0000000709a00000|  0%| F|  |TAMS 0x0000000709800000, 0x0000000709800000| Untracked 
|  63|0x0000000709a00000, 0x0000000709a00000, 0x0000000709c00000|  0%| F|  |TAMS 0x0000000709a00000, 0x0000000709a00000| Untracked 
|  64|0x0000000709c00000, 0x0000000709c00000, 0x0000000709e00000|  0%| F|  |TAMS 0x0000000709c00000, 0x0000000709c00000| Untracked 
|  65|0x0000000709e00000, 0x0000000709e00000, 0x000000070a000000|  0%| F|  |TAMS 0x0000000709e00000, 0x0000000709e00000| Untracked 
|  66|0x000000070a000000, 0x000000070a000000, 0x000000070a200000|  0%| F|  |TAMS 0x000000070a000000, 0x000000070a000000| Untracked 
|  67|0x000000070a200000, 0x000000070a200000, 0x000000070a400000|  0%| F|  |TAMS 0x000000070a200000, 0x000000070a200000| Untracked 
|  68|0x000000070a400000, 0x000000070a400000, 0x000000070a600000|  0%| F|  |TAMS 0x000000070a400000, 0x000000070a400000| Untracked 
|  69|0x000000070a600000, 0x000000070a600000, 0x000000070a800000|  0%| F|  |TAMS 0x000000070a600000, 0x000000070a600000| Untracked 
|  70|0x000000070a800000, 0x000000070a800000, 0x000000070aa00000|  0%| F|  |TAMS 0x000000070a800000, 0x000000070a800000| Untracked 
|  71|0x000000070aa00000, 0x000000070aa00000, 0x000000070ac00000|  0%| F|  |TAMS 0x000000070aa00000, 0x000000070aa00000| Untracked 
|  72|0x000000070ac00000, 0x000000070ac00000, 0x000000070ae00000|  0%| F|  |TAMS 0x000000070ac00000, 0x000000070ac00000| Untracked 
|  73|0x000000070ae00000, 0x000000070ae00000, 0x000000070b000000|  0%| F|  |TAMS 0x000000070ae00000, 0x000000070ae00000| Untracked 
|  74|0x000000070b000000, 0x000000070b000000, 0x000000070b200000|  0%| F|  |TAMS 0x000000070b000000, 0x000000070b000000| Untracked 
|  75|0x000000070b200000, 0x000000070b200000, 0x000000070b400000|  0%| F|  |TAMS 0x000000070b200000, 0x000000070b200000| Untracked 
|  76|0x000000070b400000, 0x000000070b400000, 0x000000070b600000|  0%| F|  |TAMS 0x000000070b400000, 0x000000070b400000| Untracked 
|  77|0x000000070b600000, 0x000000070b600000, 0x000000070b800000|  0%| F|  |TAMS 0x000000070b600000, 0x000000070b600000| Untracked 
|  78|0x000000070b800000, 0x000000070b800000, 0x000000070ba00000|  0%| F|  |TAMS 0x000000070b800000, 0x000000070b800000| Untracked 
|  79|0x000000070ba00000, 0x000000070ba00000, 0x000000070bc00000|  0%| F|  |TAMS 0x000000070ba00000, 0x000000070ba00000| Untracked 
|  80|0x000000070bc00000, 0x000000070bc00000, 0x000000070be00000|  0%| F|  |TAMS 0x000000070bc00000, 0x000000070bc00000| Untracked 
|  81|0x000000070be00000, 0x000000070be00000, 0x000000070c000000|  0%| F|  |TAMS 0x000000070be00000, 0x000000070be00000| Untracked 
|  82|0x000000070c000000, 0x000000070c000000, 0x000000070c200000|  0%| F|  |TAMS 0x000000070c000000, 0x000000070c000000| Untracked 
|  83|0x000000070c200000, 0x000000070c200000, 0x000000070c400000|  0%| F|  |TAMS 0x000000070c200000, 0x000000070c200000| Untracked 
|  84|0x000000070c400000, 0x000000070c400000, 0x000000070c600000|  0%| F|  |TAMS 0x000000070c400000, 0x000000070c400000| Untracked 
|  85|0x000000070c600000, 0x000000070c600000, 0x000000070c800000|  0%| F|  |TAMS 0x000000070c600000, 0x000000070c600000| Untracked 
|  86|0x000000070c800000, 0x000000070c800000, 0x000000070ca00000|  0%| F|  |TAMS 0x000000070c800000, 0x000000070c800000| Untracked 
|  87|0x000000070ca00000, 0x000000070ca00000, 0x000000070cc00000|  0%| F|  |TAMS 0x000000070ca00000, 0x000000070ca00000| Untracked 
|  88|0x000000070cc00000, 0x000000070cc00000, 0x000000070ce00000|  0%| F|  |TAMS 0x000000070cc00000, 0x000000070cc00000| Untracked 
|  89|0x000000070ce00000, 0x000000070ce00000, 0x000000070d000000|  0%| F|  |TAMS 0x000000070ce00000, 0x000000070ce00000| Untracked 
|  90|0x000000070d000000, 0x000000070d000000, 0x000000070d200000|  0%| F|  |TAMS 0x000000070d000000, 0x000000070d000000| Untracked 
|  91|0x000000070d200000, 0x000000070d200000, 0x000000070d400000|  0%| F|  |TAMS 0x000000070d200000, 0x000000070d200000| Untracked 
|  92|0x000000070d400000, 0x000000070d400000, 0x000000070d600000|  0%| F|  |TAMS 0x000000070d400000, 0x000000070d400000| Untracked 
|  93|0x000000070d600000, 0x000000070d600000, 0x000000070d800000|  0%| F|  |TAMS 0x000000070d600000, 0x000000070d600000| Untracked 
|  94|0x000000070d800000, 0x000000070d800000, 0x000000070da00000|  0%| F|  |TAMS 0x000000070d800000, 0x000000070d800000| Untracked 
|  95|0x000000070da00000, 0x000000070da00000, 0x000000070dc00000|  0%| F|  |TAMS 0x000000070da00000, 0x000000070da00000| Untracked 
|  96|0x000000070dc00000, 0x000000070dc00000, 0x000000070de00000|  0%| F|  |TAMS 0x000000070dc00000, 0x000000070dc00000| Untracked 
|  97|0x000000070de00000, 0x000000070de00000, 0x000000070e000000|  0%| F|  |TAMS 0x000000070de00000, 0x000000070de00000| Untracked 
|  98|0x000000070e000000, 0x000000070e000000, 0x000000070e200000|  0%| F|  |TAMS 0x000000070e000000, 0x000000070e000000| Untracked 
|  99|0x000000070e200000, 0x000000070e200000, 0x000000070e400000|  0%| F|  |TAMS 0x000000070e200000, 0x000000070e200000| Untracked 
| 100|0x000000070e400000, 0x000000070e400000, 0x000000070e600000|  0%| F|  |TAMS 0x000000070e400000, 0x000000070e400000| Untracked 
| 101|0x000000070e600000, 0x000000070e600000, 0x000000070e800000|  0%| F|  |TAMS 0x000000070e600000, 0x000000070e600000| Untracked 
| 102|0x000000070e800000, 0x000000070e800000, 0x000000070ea00000|  0%| F|  |TAMS 0x000000070e800000, 0x000000070e800000| Untracked 
| 103|0x000000070ea00000, 0x000000070ea00000, 0x000000070ec00000|  0%| F|  |TAMS 0x000000070ea00000, 0x000000070ea00000| Untracked 
| 104|0x000000070ec00000, 0x000000070ec00000, 0x000000070ee00000|  0%| F|  |TAMS 0x000000070ec00000, 0x000000070ec00000| Untracked 
| 105|0x000000070ee00000, 0x000000070ee00000, 0x000000070f000000|  0%| F|  |TAMS 0x000000070ee00000, 0x000000070ee00000| Untracked 
| 106|0x000000070f000000, 0x000000070f000000, 0x000000070f200000|  0%| F|  |TAMS 0x000000070f000000, 0x000000070f000000| Untracked 
| 107|0x000000070f200000, 0x000000070f200000, 0x000000070f400000|  0%| F|  |TAMS 0x000000070f200000, 0x000000070f200000| Untracked 
| 108|0x000000070f400000, 0x000000070f400000, 0x000000070f600000|  0%| F|  |TAMS 0x000000070f400000, 0x000000070f400000| Untracked 
| 109|0x000000070f600000, 0x000000070f600000, 0x000000070f800000|  0%| F|  |TAMS 0x000000070f600000, 0x000000070f600000| Untracked 
| 110|0x000000070f800000, 0x000000070f800000, 0x000000070fa00000|  0%| F|  |TAMS 0x000000070f800000, 0x000000070f800000| Untracked 
| 111|0x000000070fa00000, 0x000000070fa00000, 0x000000070fc00000|  0%| F|  |TAMS 0x000000070fa00000, 0x000000070fa00000| Untracked 
| 112|0x000000070fc00000, 0x000000070fc00000, 0x000000070fe00000|  0%| F|  |TAMS 0x000000070fc00000, 0x000000070fc00000| Untracked 
| 113|0x000000070fe00000, 0x000000070fe00000, 0x0000000710000000|  0%| F|  |TAMS 0x000000070fe00000, 0x000000070fe00000| Untracked 
| 114|0x0000000710000000, 0x0000000710000000, 0x0000000710200000|  0%| F|  |TAMS 0x0000000710000000, 0x0000000710000000| Untracked 
| 115|0x0000000710200000, 0x0000000710200000, 0x0000000710400000|  0%| F|  |TAMS 0x0000000710200000, 0x0000000710200000| Untracked 
| 116|0x0000000710400000, 0x0000000710400000, 0x0000000710600000|  0%| F|  |TAMS 0x0000000710400000, 0x0000000710400000| Untracked 
| 117|0x0000000710600000, 0x0000000710600000, 0x0000000710800000|  0%| F|  |TAMS 0x0000000710600000, 0x0000000710600000| Untracked 
| 118|0x0000000710800000, 0x00000007109c5d58, 0x0000000710a00000| 88%| E|  |TAMS 0x0000000710800000, 0x0000000710800000| Complete 
| 119|0x0000000710a00000, 0x0000000710c00000, 0x0000000710c00000|100%| E|CS|TAMS 0x0000000710a00000, 0x0000000710a00000| Complete 
| 120|0x0000000710c00000, 0x0000000710e00000, 0x0000000710e00000|100%| E|CS|TAMS 0x0000000710c00000, 0x0000000710c00000| Complete 
| 121|0x0000000710e00000, 0x0000000711000000, 0x0000000711000000|100%| E|CS|TAMS 0x0000000710e00000, 0x0000000710e00000| Complete 
| 122|0x0000000711000000, 0x0000000711200000, 0x0000000711200000|100%| E|CS|TAMS 0x0000000711000000, 0x0000000711000000| Complete 
| 123|0x0000000711200000, 0x0000000711400000, 0x0000000711400000|100%| E|CS|TAMS 0x0000000711200000, 0x0000000711200000| Complete 
| 124|0x0000000711400000, 0x0000000711600000, 0x0000000711600000|100%| E|CS|TAMS 0x0000000711400000, 0x0000000711400000| Complete 
| 125|0x0000000711600000, 0x0000000711800000, 0x0000000711800000|100%| E|CS|TAMS 0x0000000711600000, 0x0000000711600000| Complete 
| 126|0x0000000711800000, 0x0000000711a00000, 0x0000000711a00000|100%| E|CS|TAMS 0x0000000711800000, 0x0000000711800000| Complete 
| 127|0x0000000711a00000, 0x0000000711c00000, 0x0000000711c00000|100%| E|CS|TAMS 0x0000000711a00000, 0x0000000711a00000| Complete 

Card table byte_map: [0x0000020af22e0000,0x0000020af2ae0000] _byte_map_base: 0x0000020aeead2000

Marking Bits (Prev, Next): (CMBitMap*) 0x0000020ad89b5380, (CMBitMap*) 0x0000020ad89b53c0
 Prev Bits: [0x0000020af32e0000, 0x0000020af7270000)
 Next Bits: [0x0000020af7270000, 0x0000020afb200000)

Polling page: 0x0000020ad87d0000

Metaspace:

Usage:
  Non-class:      6.66 MB used.
      Class:    845.85 KB used.
       Both:      7.48 MB used.

Virtual space:
  Non-class space:       64.00 MB reserved,       6.75 MB ( 11%) committed,  1 nodes.
      Class space:        1.00 GB reserved,     960.00 KB ( <1%) committed,  1 nodes.
             Both:        1.06 GB reserved,       7.69 MB ( <1%) committed. 

Chunk freelists:
   Non-Class:  368.00 KB
       Class:  3.03 MB
        Both:  3.39 MB

MaxMetaspaceSize: unlimited
CompressedClassSpaceSize: 1.00 GB
Initial GC threshold: 21.00 MB
Current GC threshold: 21.00 MB
CDS: on
MetaspaceReclaimPolicy: balanced
 - commit_granule_bytes: 65536.
 - commit_granule_words: 8192.
 - virtual_space_node_default_size: 8388608.
 - enlarge_chunks_in_place: 1.
 - new_chunks_are_fully_committed: 0.
 - uncommit_free_chunks: 1.
 - use_allocation_guard: 0.


Internal statistics:

num_allocs_failed_limit: 0.
num_arena_births: 112.
num_arena_deaths: 0.
num_vsnodes_births: 2.
num_vsnodes_deaths: 0.
num_space_committed: 123.
num_space_uncommitted: 0.
num_chunks_returned_to_freelist: 0.
num_chunks_taken_from_freelist: 253.
num_chunk_merges: 0.
num_chunk_splits: 173.
num_chunks_enlarged: 128.
num_inconsistent_stats: 0.

CodeHeap 'non-profiled nmethods': size=120000Kb used=372Kb max_used=372Kb free=119627Kb
 bounds [0x0000020ae9b50000, 0x0000020ae9dc0000, 0x0000020af1080000]
CodeHeap 'profiled nmethods': size=120000Kb used=1834Kb max_used=1834Kb free=118166Kb
 bounds [0x0000020ae2080000, 0x0000020ae22f0000, 0x0000020ae95b0000]
CodeHeap 'non-nmethods': size=5760Kb used=1261Kb max_used=1283Kb free=4498Kb
 bounds [0x0000020ae95b0000, 0x0000020ae9820000, 0x0000020ae9b50000]
 total_blobs=1567 nmethods=1094 adapters=384
 compilation: enabled
              stopped_count=0, restarted_count=0
 full_count=0

Compilation events (20 events):
Event: 0.592 Thread 0x0000020afdcdc0b0 1085       4       jdk.internal.org.objectweb.asm.SymbolTable::put (150 bytes)
Event: 0.593 Thread 0x0000020afdcdede0 nmethod 1084 0x0000020ae2242110 code [0x0000020ae22422e0, 0x0000020ae2242648]
Event: 0.596 Thread 0x0000020afdcdc0b0 nmethod 1085 0x0000020ae9baa590 code [0x0000020ae9baa720, 0x0000020ae9baaa78]
Event: 0.601 Thread 0x0000020afdcdede0 1086       3       jdk.internal.org.objectweb.asm.Attribute::putAttributes (78 bytes)
Event: 0.601 Thread 0x0000020afdcdede0 nmethod 1086 0x0000020ae2242790 code [0x0000020ae22429e0, 0x0000020ae2242f18]
Event: 0.602 Thread 0x0000020afdcdede0 1087       3       java.lang.Class::descriptorString (170 bytes)
Event: 0.603 Thread 0x0000020afdcdc0b0 1088       4       java.lang.CharacterDataLatin1::getProperties (11 bytes)
Event: 0.603 Thread 0x0000020afdcdc0b0 nmethod 1088 0x0000020ae9baac10 code [0x0000020ae9baada0, 0x0000020ae9baae38]
Event: 0.604 Thread 0x0000020afdcdede0 nmethod 1087 0x0000020ae2243210 code [0x0000020ae2243680, 0x0000020ae2245008]
Event: 0.604 Thread 0x0000020afdcdede0 1090       3       java.util.Properties::loadConvert (540 bytes)
Event: 0.605 Thread 0x0000020afdcdede0 nmethod 1090 0x0000020ae2245a10 code [0x0000020ae2245d00, 0x0000020ae22470a8]
Event: 0.605 Thread 0x0000020afdcdede0 1091       1       java.util.concurrent.ConcurrentHashMap$MapEntry::getKey (5 bytes)
Event: 0.605 Thread 0x0000020afdcdede0 nmethod 1091 0x0000020ae9baaf10 code [0x0000020ae9bab0a0, 0x0000020ae9bab178]
Event: 0.605 Thread 0x0000020afdcdede0 1092       1       java.util.concurrent.ConcurrentHashMap$MapEntry::getValue (5 bytes)
Event: 0.605 Thread 0x0000020afdcdede0 nmethod 1092 0x0000020ae9bab210 code [0x0000020ae9bab3a0, 0x0000020ae9bab478]
Event: 0.605 Thread 0x0000020afdcdede0 1089       3       java.lang.invoke.DirectMethodHandle::preparedLambdaForm (31 bytes)
Event: 0.606 Thread 0x0000020afdcdede0 nmethod 1089 0x0000020ae2247710 code [0x0000020ae2247900, 0x0000020ae2247dc8]
Event: 0.606 Thread 0x0000020afdcdede0 1093       3       java.lang.invoke.DirectMethodHandle::preparedLambdaForm (244 bytes)
Event: 0.607 Thread 0x0000020afdcdede0 nmethod 1093 0x0000020ae2247f90 code [0x0000020ae2248280, 0x0000020ae2249238]
Event: 0.607 Thread 0x0000020afdcdede0 1094       3       java.lang.invoke.MethodHandle::keepsAlive (20 bytes)

GC Heap History (0 events):
No events

Dll operation events (10 events):
Event: 0.009 Loaded shared library C:\Program Files\Java\jdk-19\bin\java.dll
Event: 0.020 Loaded shared library C:\Program Files\Java\jdk-19\bin\jsvml.dll
Event: 0.093 Loaded shared library C:\Program Files\Java\jdk-19\bin\zip.dll
Event: 0.098 Loaded shared library C:\Program Files\Java\jdk-19\bin\instrument.dll
Event: 0.105 Loaded shared library C:\Program Files\Java\jdk-19\bin\net.dll
Event: 0.107 Loaded shared library C:\Program Files\Java\jdk-19\bin\nio.dll
Event: 0.111 Loaded shared library C:\Program Files\Java\jdk-19\bin\zip.dll
Event: 0.156 Loaded shared library C:\Program Files\JetBrains\IntelliJ IDEA 2022.3.1\bin\breakgen64.dll
Event: 0.165 Loaded shared library C:\Program Files\Java\jdk-19\bin\extnet.dll
Event: 0.174 Loaded shared library C:\Program Files\Java\jdk-19\bin\jimage.dll

Deoptimization events (20 events):
Event: 0.512 Thread 0x0000020ad8943ec0 Uncommon trap: trap_request=0xffffffc6 fr.pc=0x0000020ae9b9a734 relative=0x0000000000000d54
Event: 0.512 Thread 0x0000020ad8943ec0 Uncommon trap: reason=bimorphic_or_optimized_type_check action=maybe_recompile pc=0x0000020ae9b9a734 method=java.util.HashMap.putVal(ILjava/lang/Object;Ljava/lang/Object;ZZ)Ljava/lang/Object; @ 56 c2
Event: 0.512 Thread 0x0000020ad8943ec0 DEOPT PACKING pc=0x0000020ae9b9a734 sp=0x0000006fd33fd270
Event: 0.512 Thread 0x0000020ad8943ec0 DEOPT UNPACKING pc=0x0000020ae9616da3 sp=0x0000006fd33fd1a0 mode 2
Event: 0.512 Thread 0x0000020ad8943ec0 Uncommon trap: trap_request=0xffffffc6 fr.pc=0x0000020ae9b9a734 relative=0x0000000000000d54
Event: 0.512 Thread 0x0000020ad8943ec0 Uncommon trap: reason=bimorphic_or_optimized_type_check action=maybe_recompile pc=0x0000020ae9b9a734 method=java.util.HashMap.putVal(ILjava/lang/Object;Ljava/lang/Object;ZZ)Ljava/lang/Object; @ 56 c2
Event: 0.513 Thread 0x0000020ad8943ec0 DEOPT PACKING pc=0x0000020ae9b9a734 sp=0x0000006fd33fd270
Event: 0.513 Thread 0x0000020ad8943ec0 DEOPT UNPACKING pc=0x0000020ae9616da3 sp=0x0000006fd33fd1a0 mode 2
Event: 0.513 Thread 0x0000020ad8943ec0 Uncommon trap: trap_request=0xffffffc6 fr.pc=0x0000020ae9b96dc0 relative=0x0000000000000d00
Event: 0.513 Thread 0x0000020ad8943ec0 Uncommon trap: reason=bimorphic_or_optimized_type_check action=maybe_recompile pc=0x0000020ae9b96dc0 method=java.util.HashMap.putVal(ILjava/lang/Object;Ljava/lang/Object;ZZ)Ljava/lang/Object; @ 56 c2
Event: 0.513 Thread 0x0000020ad8943ec0 DEOPT PACKING pc=0x0000020ae9b96dc0 sp=0x0000006fd33fd1f0
Event: 0.513 Thread 0x0000020ad8943ec0 DEOPT UNPACKING pc=0x0000020ae9616da3 sp=0x0000006fd33fd1a8 mode 2
Event: 0.547 Thread 0x0000020ad8943ec0 Uncommon trap: trap_request=0xffffffde fr.pc=0x0000020ae9b9f810 relative=0x0000000000000b70
Event: 0.547 Thread 0x0000020ad8943ec0 Uncommon trap: reason=class_check action=maybe_recompile pc=0x0000020ae9b9f810 method=java.util.HashMap.putVal(ILjava/lang/Object;Ljava/lang/Object;ZZ)Ljava/lang/Object; @ 91 c2
Event: 0.547 Thread 0x0000020ad8943ec0 DEOPT PACKING pc=0x0000020ae9b9f810 sp=0x0000006fd33fdee0
Event: 0.547 Thread 0x0000020ad8943ec0 DEOPT UNPACKING pc=0x0000020ae9616da3 sp=0x0000006fd33fde18 mode 2
Event: 0.547 Thread 0x0000020ad8943ec0 Uncommon trap: trap_request=0xffffffde fr.pc=0x0000020ae9b9f810 relative=0x0000000000000b70
Event: 0.547 Thread 0x0000020ad8943ec0 Uncommon trap: reason=class_check action=maybe_recompile pc=0x0000020ae9b9f810 method=java.util.HashMap.putVal(ILjava/lang/Object;Ljava/lang/Object;ZZ)Ljava/lang/Object; @ 91 c2
Event: 0.547 Thread 0x0000020ad8943ec0 DEOPT PACKING pc=0x0000020ae9b9f810 sp=0x0000006fd33fdee0
Event: 0.547 Thread 0x0000020ad8943ec0 DEOPT UNPACKING pc=0x0000020ae9616da3 sp=0x0000006fd33fde18 mode 2

Classes loaded (20 events):
Event: 0.605 Loading class com/sun/org/apache/xerces/internal/impl/xpath/regex/Token done
Event: 0.605 Loading class com/sun/org/apache/xerces/internal/impl/xpath/regex/Token$CharToken
Event: 0.605 Loading class com/sun/org/apache/xerces/internal/impl/xpath/regex/Token$CharToken done
Event: 0.605 Loading class com/sun/org/apache/xerces/internal/impl/xpath/regex/RangeToken
Event: 0.605 Loading class com/sun/org/apache/xerces/internal/impl/xpath/regex/RangeToken done
Event: 0.606 Loading class com/sun/org/apache/xerces/internal/impl/xpath/regex/Token$ClosureToken
Event: 0.606 Loading class com/sun/org/apache/xerces/internal/impl/xpath/regex/Token$ClosureToken done
Event: 0.606 Loading class com/sun/org/apache/xerces/internal/impl/xpath/regex/Token$ParenToken
Event: 0.606 Loading class com/sun/org/apache/xerces/internal/impl/xpath/regex/Token$ParenToken done
Event: 0.606 Loading class com/sun/org/apache/xerces/internal/impl/xpath/regex/Token$UnionToken
Event: 0.606 Loading class com/sun/org/apache/xerces/internal/impl/xpath/regex/Token$UnionToken done
Event: 0.607 Loading class com/sun/org/apache/xerces/internal/xni/grammars/Grammar
Event: 0.607 Loading class com/sun/org/apache/xerces/internal/xni/grammars/Grammar done
Event: 0.607 Loading class com/sun/org/apache/xerces/internal/util/DOMInputSource
Event: 0.607 Loading class com/sun/org/apache/xerces/internal/util/DOMInputSource done
Event: 0.607 Loading class com/sun/org/apache/xerces/internal/util/SAXInputSource
Event: 0.607 Loading class com/sun/org/apache/xerces/internal/util/SAXInputSource done
Event: 0.607 Loading class com/sun/org/apache/xerces/internal/util/StAXInputSource
Event: 0.607 Loading class com/sun/org/apache/xerces/internal/util/StAXInputSource done
Event: 0.607 Loading class com/sun/org/apache/xerces/internal/impl/xs/util/XSInputSource

Classes unloaded (0 events):
No events

Classes redefined (0 events):
No events

Internal exceptions (10 events):
Event: 0.147 Thread 0x0000020ad8943ec0 Exception <a 'java/lang/NoSuchMethodError'{0x00000007116fd3c8}: 'void java.lang.invoke.DirectMethodHandle$Holder.invokeStatic(java.lang.Object, java.lang.Object, java.lang.Object)'> (0x00000007116fd3c8) 
thrown [s\open\src\hotspot\share\interpreter\linkResolver.cpp, line 774]
Event: 0.151 Thread 0x0000020ad8943ec0 Exception <a 'java/lang/NoSuchMethodError'{0x00000007117159c0}: 'java.lang.Object java.lang.invoke.Invokers$Holder.invokeExact_MT(java.lang.Object, java.lang.Object, java.lang.Object, java.lang.Object, java.lang.Object)'> (0x00000007117159c0) 
thrown [s\open\src\hotspot\share\interpreter\linkResolver.cpp, line 774]
Event: 0.167 Thread 0x0000020afdee0ba0 Exception <a 'java/lang/NoSuchMethodError'{0x00000007117664a0}: 'void java.lang.invoke.DirectMethodHandle$Holder.invokeStatic(java.lang.Object, java.lang.Object)'> (0x00000007117664a0) 
thrown [s\open\src\hotspot\share\interpreter\linkResolver.cpp, line 774]
Event: 0.216 Thread 0x0000020ad8943ec0 Exception <a 'java/lang/NoSuchMethodError'{0x00000007115388d8}: 'java.lang.ClassLoader java.lang.Class.getClassLoader(java.lang.Class)'> (0x00000007115388d8) 
thrown [s\open\src\hotspot\share\interpreter\linkResolver.cpp, line 774]
Event: 0.218 Thread 0x0000020ad8943ec0 Exception <a 'java/lang/NoSuchMethodError'{0x00000007115409a8}: 'java.lang.Object java.lang.invoke.DirectMethodHandle$Holder.invokeStatic(java.lang.Object, java.lang.Object, int)'> (0x00000007115409a8) 
thrown [s\open\src\hotspot\share\interpreter\linkResolver.cpp, line 774]
Event: 0.219 Thread 0x0000020ad8943ec0 Exception <a 'java/lang/NoSuchMethodError'{0x000000071154c710}: 'void java.lang.invoke.DelegatingMethodHandle$Holder.delegate(java.lang.Object, java.lang.Object, int, java.lang.Object)'> (0x000000071154c710) 
thrown [s\open\src\hotspot\share\interpreter\linkResolver.cpp, line 774]
Event: 0.220 Thread 0x0000020ad8943ec0 Exception <a 'java/lang/NoSuchMethodError'{0x00000007115507c8}: 'int java.lang.invoke.DirectMethodHandle$Holder.invokeSpecial(java.lang.Object, java.lang.Object, java.lang.Object)'> (0x00000007115507c8) 
thrown [s\open\src\hotspot\share\interpreter\linkResolver.cpp, line 774]
Event: 0.394 Thread 0x0000020ad8943ec0 Exception <a 'java/lang/NoSuchMethodError'{0x0000000710edf448}: 'java.lang.Object java.lang.invoke.DirectMethodHandle$Holder.invokeInterface(java.lang.Object, java.lang.Object)'> (0x0000000710edf448) 
thrown [s\open\src\hotspot\share\interpreter\linkResolver.cpp, line 774]
Event: 0.412 Thread 0x0000020ad8943ec0 Exception <a 'java/lang/NullPointerException'{0x0000000710fc6148}> (0x0000000710fc6148) 
thrown [s\open\src\hotspot\share\interpreter\linkResolver.cpp, line 1458]
Event: 0.601 Thread 0x0000020ad8943ec0 Exception <a 'java/lang/ClassNotFoundException'{0x0000000710981950}: com/sun/org/apache/xerces/internal/impl/xpath/regex/spi/messageProvider> (0x0000000710981950) 
thrown [s\open\src\hotspot\share\classfile\systemDictionary.cpp, line 255]

VM Operations (16 events):
Event: 0.078 Executing VM operation: HandshakeAllThreads
Event: 0.079 Executing VM operation: HandshakeAllThreads done
Event: 0.159 Executing VM operation: HandshakeAllThreads
Event: 0.159 Executing VM operation: HandshakeAllThreads done
Event: 0.323 Executing VM operation: HandshakeAllThreads
Event: 0.324 Executing VM operation: HandshakeAllThreads done
Event: 0.374 Executing VM operation: HandshakeAllThreads
Event: 0.374 Executing VM operation: HandshakeAllThreads done
Event: 0.431 Executing VM operation: HandshakeAllThreads
Event: 0.431 Executing VM operation: HandshakeAllThreads done
Event: 0.478 Executing VM operation: HandshakeAllThreads
Event: 0.478 Executing VM operation: HandshakeAllThreads done
Event: 0.564 Executing VM operation: HandshakeAllThreads
Event: 0.564 Executing VM operation: HandshakeAllThreads done
Event: 0.582 Executing VM operation: ICBufferFull
Event: 0.582 Executing VM operation: ICBufferFull done

Events (14 events):
Event: 0.020 Thread 0x0000020ad8943ec0 Thread added: 0x0000020ad8943ec0
Event: 0.032 Thread 0x0000020afdccbf40 Thread added: 0x0000020afdccbf40
Event: 0.032 Thread 0x0000020afdcccb30 Thread added: 0x0000020afdcccb30
Event: 0.032 Thread 0x0000020afdcd1cc0 Thread added: 0x0000020afdcd1cc0
Event: 0.032 Thread 0x0000020afdcd3600 Thread added: 0x0000020afdcd3600
Event: 0.032 Thread 0x0000020afdcd46d0 Thread added: 0x0000020afdcd46d0
Event: 0.032 Thread 0x0000020afdcd77b0 Thread added: 0x0000020afdcd77b0
Event: 0.032 Thread 0x0000020afdcdc0b0 Thread added: 0x0000020afdcdc0b0
Event: 0.033 Thread 0x0000020afdcdede0 Thread added: 0x0000020afdcdede0
Event: 0.033 Thread 0x0000020afdce9b00 Thread added: 0x0000020afdce9b00
Event: 0.069 Thread 0x0000020afdee1b90 Thread added: 0x0000020afdee1b90
Event: 0.156 Thread 0x0000020afdee0ba0 Thread added: 0x0000020afdee0ba0
Event: 0.156 Thread 0x0000020afdee1640 Thread added: 0x0000020afdee1640
Event: 0.287 Thread 0x0000020afe32e010 Thread added: 0x0000020afe32e010


Dynamic libraries:
0x00007ff600ea0000 - 0x00007ff600eb0000 	C:\Program Files\Java\jdk-19\bin\java.exe
0x00007ffd24d70000 - 0x00007ffd24f68000 	C:\Windows\SYSTEM32\ntdll.dll
0x00007ffd23550000 - 0x00007ffd2360f000 	C:\Windows\System32\KERNEL32.DLL
0x00007ffd22620000 - 0x00007ffd22916000 	C:\Windows\System32\KERNELBASE.dll
0x00007ffd22520000 - 0x00007ffd22620000 	C:\Windows\System32\ucrtbase.dll
0x00007ffd1ce10000 - 0x00007ffd1ce2b000 	C:\Program Files\Java\jdk-19\bin\VCRUNTIME140.dll
0x00007ffce4710000 - 0x00007ffce4728000 	C:\Program Files\Java\jdk-19\bin\jli.dll
0x00007ffd244d0000 - 0x00007ffd2457f000 	C:\Windows\System32\ADVAPI32.dll
0x00007ffd24320000 - 0x00007ffd243be000 	C:\Windows\System32\msvcrt.dll
0x00007ffd24420000 - 0x00007ffd244bc000 	C:\Windows\System32\sechost.dll
0x00007ffd232f0000 - 0x00007ffd23416000 	C:\Windows\System32\RPCRT4.dll
0x00007ffd24b90000 - 0x00007ffd24d2d000 	C:\Windows\System32\USER32.dll
0x00007ffd224f0000 - 0x00007ffd22512000 	C:\Windows\System32\win32u.dll
0x00007ffd0f100000 - 0x00007ffd0f39a000 	C:\Windows\WinSxS\amd64_microsoft.windows.common-controls_6595b64144ccf1df_6.0.19041.1110_none_60b5254171f9507e\COMCTL32.dll
0x00007ffd242c0000 - 0x00007ffd242ec000 	C:\Windows\System32\GDI32.dll
0x00007ffd22b90000 - 0x00007ffd22ca5000 	C:\Windows\System32\gdi32full.dll
0x00007ffd22450000 - 0x00007ffd224ed000 	C:\Windows\System32\msvcp_win.dll
0x00007ffd1b920000 - 0x00007ffd1b92a000 	C:\Windows\SYSTEM32\VERSION.dll
0x00007ffd24b00000 - 0x00007ffd24b30000 	C:\Windows\System32\IMM32.DLL
0x00007ffd1ce00000 - 0x00007ffd1ce0c000 	C:\Program Files\Java\jdk-19\bin\vcruntime140_1.dll
0x00007ffcaf1b0000 - 0x00007ffcaf23e000 	C:\Program Files\Java\jdk-19\bin\msvcp140.dll
0x00007ffcae4f0000 - 0x00007ffcaf1b0000 	C:\Program Files\Java\jdk-19\bin\server\jvm.dll
0x00007ffd0f560000 - 0x00007ffd0f587000 	C:\Windows\SYSTEM32\WINMM.dll
0x00007ffd0d950000 - 0x00007ffd0d959000 	C:\Windows\SYSTEM32\WSOCK32.dll
0x00007ffd23970000 - 0x00007ffd239db000 	C:\Windows\System32\WS2_32.dll
0x00007ffd20c90000 - 0x00007ffd20ca2000 	C:\Windows\SYSTEM32\kernel.appcore.dll
0x00007ffcf6240000 - 0x00007ffcf624a000 	C:\Program Files\Java\jdk-19\bin\jimage.dll
0x00007ffd201b0000 - 0x00007ffd20394000 	C:\Windows\SYSTEM32\DBGHELP.DLL
0x00007ffd0a400000 - 0x00007ffd0a434000 	C:\Windows\SYSTEM32\dbgcore.DLL
0x00007ffd22950000 - 0x00007ffd229d2000 	C:\Windows\System32\bcryptPrimitives.dll
0x00007ffd1af30000 - 0x00007ffd1af3e000 	C:\Program Files\Java\jdk-19\bin\instrument.dll
0x00007ffcb5f60000 - 0x00007ffcb5f86000 	C:\Program Files\Java\jdk-19\bin\java.dll
0x00007ffcae3a0000 - 0x00007ffcae477000 	C:\Program Files\Java\jdk-19\bin\jsvml.dll
0x00007ffd23a40000 - 0x00007ffd24184000 	C:\Windows\System32\SHELL32.dll
0x00007ffd204e0000 - 0x00007ffd20c74000 	C:\Windows\SYSTEM32\windows.storage.dll
0x00007ffd23610000 - 0x00007ffd23964000 	C:\Windows\System32\combase.dll
0x00007ffd21e90000 - 0x00007ffd21ebe000 	C:\Windows\SYSTEM32\Wldp.dll
0x00007ffd231e0000 - 0x00007ffd2328d000 	C:\Windows\System32\SHCORE.dll
0x00007ffd239e0000 - 0x00007ffd23a35000 	C:\Windows\System32\shlwapi.dll
0x00007ffd22380000 - 0x00007ffd223a5000 	C:\Windows\SYSTEM32\profapi.dll
0x00007ffcb3c70000 - 0x00007ffcb3c88000 	C:\Program Files\Java\jdk-19\bin\zip.dll
0x00007ffce3470000 - 0x00007ffce3483000 	C:\Program Files\Java\jdk-19\bin\net.dll
0x00007ffd16380000 - 0x00007ffd1648a000 	C:\Windows\SYSTEM32\WINHTTP.dll
0x00007ffd21bf0000 - 0x00007ffd21c5a000 	C:\Windows\system32\mswsock.dll
0x00007ffcb6600000 - 0x00007ffcb6616000 	C:\Program Files\Java\jdk-19\bin\nio.dll
0x00007ffd1af10000 - 0x00007ffd1af2a000 	C:\Program Files\JetBrains\IntelliJ IDEA 2022.3.1\bin\breakgen64.dll
0x00007ffcf0240000 - 0x00007ffcf0248000 	C:\Program Files\Java\jdk-19\bin\extnet.dll

dbghelp: loaded successfully - version: 4.0.5 - missing functions: none
symbol engine: initialized successfully - sym options: 0x614 - pdb path: .;C:\Program Files\Java\jdk-19\bin;C:\Windows\SYSTEM32;C:\Windows\WinSxS\amd64_microsoft.windows.common-controls_6595b64144ccf1df_6.0.19041.1110_none_60b5254171f9507e;C:\Program Files\Java\jdk-19\bin\server;C:\Program Files\JetBrains\IntelliJ IDEA 2022.3.1\bin

VM Arguments:
jvm_args: -javaagent:C:\Program Files\JetBrains\IntelliJ IDEA 2022.3.1\lib\idea_rt.jar=60869:C:\Program Files\JetBrains\IntelliJ IDEA 2022.3.1\bin -Dfile.encoding=UTF-8 -Dsun.stdout.encoding=UTF-8 -Dsun.stderr.encoding=UTF-8 
java_command: ir.maktab.Main
java_class_path (initial): D:\java\intellij workspace\finalProject_phase1\target\classes;C:\Users\mohammad\.m2\repository\commons-io\commons-io\2.11.0\commons-io-2.11.0.jar;C:\Users\mohammad\.m2\repository\org\hibernate\orm\hibernate-core\6.2.2.Final\hibernate-core-6.2.2.Final.jar;C:\Users\mohammad\.m2\repository\jakarta\persistence\jakarta.persistence-api\3.1.0\jakarta.persistence-api-3.1.0.jar;C:\Users\mohammad\.m2\repository\jakarta\transaction\jakarta.transaction-api\2.0.1\jakarta.transaction-api-2.0.1.jar;C:\Users\mohammad\.m2\repository\org\jboss\logging\jboss-logging\3.5.0.Final\jboss-logging-3.5.0.Final.jar;C:\Users\mohammad\.m2\repository\org\hibernate\common\hibernate-commons-annotations\6.0.6.Final\hibernate-commons-annotations-6.0.6.Final.jar;C:\Users\mohammad\.m2\repository\io\smallrye\jandex\3.0.5\jandex-3.0.5.jar;C:\Users\mohammad\.m2\repository\com\fasterxml\classmate\1.5.1\classmate-1.5.1.jar;C:\Users\mohammad\.m2\repository\net\bytebuddy\byte-buddy\1.12.18\byte-buddy-1.12.18.jar;C:\Users\mohammad\.m2\repository\jakarta\xml\bind\jakarta.xml.bind-api\4.0.0\jakarta.xml.bind-api-4.0.0.jar;C:\Users\mohammad\.m2\repository\jakarta\activation\jakarta.activation-api\2.1.0\jakarta.activation-api-2.1.0.jar;C:\Users\mohammad\.m2\repository\org\glassfish\jaxb\jaxb-runtime\4.0.2\jaxb-runtime-4.0.2.jar;C:\Users\mohammad\.m2\repository\org\glassfish\jaxb\jaxb-core\4.0.2\jaxb-core-4.0.2.jar;C:\Users\mohammad\.m2\repository\org\eclipse\angus\angus-activation\2.0.0\angus-activation-2.0.0.jar;C:\Users\mohammad\.m2\repository\org\glassfish\jaxb\txw2\4.0.2\txw2-4.0.2.jar;C:\Users\mohammad\.m2\repository\com\sun\istack\istack-commons-runtime\4.1.1\istack-commons-runtime-4.1.1.jar;C:\Users\mohammad\.m2\repository\jakarta\inject\jakarta.inject-api\2.0.1\jakarta.inject-api-2.0.1.jar;C:\Users\mohammad\.m2\repository\org\antlr\antlr4-runtime\4.10.1\antlr4-runtime-4.10.1.jar;C:\Users\mohammad\.m2\repository\org\postgresql\postgresql\42.6.0\postgresql-42.6.0.jar;C:\Users\mohammad\.m2\repository\org\checkerframework\checker-qual\3.31.0\checker-qual-3.31.0.jar;C:\Users\mohammad\.m2\repository\org\hibernate\validator\hibernate-validator\8.0.0.Final\hibernate-validator-8.0.0.Final.jar;C:\Users\mohammad\.m2\repository\jakarta\validation\jakarta.validation-api\3.0.2\jakarta.validation-api-3.0.2.jar
Launcher Type: SUN_STANDARD

[Global flags]
     intx CICompilerCount                          = 4                                         {product} {ergonomic}
     uint ConcGCThreads                            = 2                                         {product} {ergonomic}
     uint G1ConcRefinementThreads                  = 8                                         {product} {ergonomic}
   size_t G1HeapRegionSize                         = 2097152                                   {product} {ergonomic}
    uintx GCDrainStackTargetSize                   = 64                                        {product} {ergonomic}
   size_t InitialHeapSize                          = 268435456                                 {product} {ergonomic}
   size_t MarkStackSize                            = 4194304                                   {product} {ergonomic}
   size_t MaxHeapSize                              = 4265607168                                {product} {ergonomic}
   size_t MaxNewSize                               = 2558525440                                {product} {ergonomic}
   size_t MinHeapDeltaBytes                        = 2097152                                   {product} {ergonomic}
   size_t MinHeapSize                              = 8388608                                   {product} {ergonomic}
    uintx NonNMethodCodeHeapSize                   = 5839372                                {pd product} {ergonomic}
    uintx NonProfiledCodeHeapSize                  = 122909434                              {pd product} {ergonomic}
    uintx ProfiledCodeHeapSize                     = 122909434                              {pd product} {ergonomic}
    uintx ReservedCodeCacheSize                    = 251658240                              {pd product} {ergonomic}
     bool SegmentedCodeCache                       = true                                      {product} {ergonomic}
   size_t SoftMaxHeapSize                          = 4265607168                             {manageable} {ergonomic}
     bool UseCompressedClassPointers               = true                           {product lp64_product} {ergonomic}
     bool UseCompressedOops                        = true                           {product lp64_product} {ergonomic}
     bool UseG1GC                                  = true                                      {product} {ergonomic}
     bool UseLargePagesIndividualAllocation        = false                                  {pd product} {ergonomic}

Logging:
Log output configuration:
 #0: stdout all=warning uptime,level,tags foldmultilines=false
 #1: stderr all=off uptime,level,tags foldmultilines=false

Environment Variables:
JAVA_HOME=C:\Program Files\Java\jdk1.8.0_351
PATH=C:\Program Files (x86)\VMware\VMware Workstation\bin\;C:\Program Files\Common Files\Oracle\Java\javapath;C:\Program Files (x86)\Common Files\Oracle\Java\javapath;C:\Program Files (x86)\Intel\iCLS Client\;C:\Program Files\Intel\iCLS Client\;C:\Windows\system32;C:\Windows;C:\Windows\System32\Wbem;C:\Windows\System32\WindowsPowerShell\v1.0\;C:\Windows\System32\OpenSSH\;C:\Program Files (x86)\NVIDIA Corporation\PhysX\Common;C:\Program Files (x86)\Intel\Intel(R) Management Engine Components\DAL;C:\Program Files\Intel\Intel(R) Management Engine Components\DAL;C:\Program Files (x86)\Intel\Intel(R) Management Engine Components\IPT;C:\Program Files\Intel\Intel(R) Management Engine Components\IPT;C:\Program Files\Intel\WiFi\bin\;C:\Program Files\Common Files\Intel\WirelessCommon\;C:\Program Files\Java\jdk-16.0.2\bin;D:\java\apache-maven-3.9.0\bin;C:\Program Files\Git\cmd;C:\Program Files\Java\jre-1.8\bin
USERNAME=mohammad
OS=Windows_NT
PROCESSOR_IDENTIFIER=Intel64 Family 6 Model 158 Stepping 9, GenuineIntel
TMP=C:\Users\mohammad\AppData\Local\Temp
TEMP=C:\Users\mohammad\AppData\Local\Temp



---------------  S Y S T E M  ---------------

OS:
 Windows 10 , 64 bit Build 19041 (10.0.19041.3155)
OS uptime: 5 days 8:35 hours

CPU: total 8 (initial active 8) (4 cores per cpu, 2 threads per core) family 6 model 158 stepping 9 microcode 0xb4, cx8, cmov, fxsr, ht, mmx, 3dnowpref, sse, sse2, sse3, ssse3, sse4.1, sse4.2, popcnt, lzcnt, tsc, tscinvbit, avx, avx2, aes, erms, clmul, bmi1, bmi2, adx, fma, vzeroupper, clflush, clflushopt, rdtscp

Memory: 4k page, system-wide physical 16265M (6509M free)
TotalPageFile size 31341M (AvailPageFile size 5M)
current process WorkingSet (physical memory assigned to process): 72M, peak: 72M
current process commit charge ("private bytes"): 361M, peak: 361M

vm_info: Java HotSpot(TM) 64-Bit Server VM (19.0.2+7-44) for windows-amd64 JRE (19.0.2+7-44), built on 2022-11-30T18:02:09Z by "mach5one" with MS VC++ 17.1 (VS2022)

END.
